
----------
Test: tests/rest_api/test_example_rest.py::test_example_1[api/users?page=2] (call)
Time: 2022-09-03 16:13:31.334580
Request method: GET
Request URL: https://reqres.in/api/users?page=2
Request Headers: None
Request cookies: None
Request data: None
Request json: None

Response code: 200
Response headers:
 {
    "Date": "Sat, 03 Sep 2022 13:13:31 GMT",
    "Content-Type": "application/json; charset=utf-8",
    "Transfer-Encoding": "chunked",
    "Connection": "keep-alive",
    "X-Powered-By": "Express",
    "Access-Control-Allow-Origin": "*",
    "Etag": "W/\"406-ut0vzoCuidvyMf8arZpMpJ6ZRDw\"",
    "Via": "1.1 vegur",
    "Cache-Control": "max-age=14400",
    "CF-Cache-Status": "HIT",
    "Age": "5326",
    "Report-To": "{\"endpoints\":[{\"url\":\"https:\\/\\/a.nel.cloudflare.com\\/report\\/v3?s=C%2BxttHmremQMGRN4Wf0goi%2BkoaKgBaIMJSMloY00E3WlTyMGQIrAe30Png2vsBFRc%2FIshX5%2F8cUnJpcs7fGxoX%2B%2BTHezE5QIkuhF6PODcICnHGfW0NZRX%2F739w%3D%3D\"}],\"group\":\"cf-nel\",\"max_age\":604800}",
    "NEL": "{\"success_fraction\":0,\"report_to\":\"cf-nel\",\"max_age\":604800}",
    "Vary": "Accept-Encoding",
    "Server": "cloudflare",
    "CF-RAY": "744ebe44198e1607-DME",
    "Content-Encoding": "gzip"
}
Response cookies:
 {}
Response text:
 {
    "page": 2,
    "per_page": 6,
    "total": 12,
    "total_pages": 2,
    "data": [
        {
            "id": 7,
            "email": "michael.lawson@reqres.in",
            "first_name": "Michael",
            "last_name": "Lawson",
            "avatar": "https://reqres.in/img/faces/7-image.jpg"
        },
        {
            "id": 8,
            "email": "lindsay.ferguson@reqres.in",
            "first_name": "Lindsay",
            "last_name": "Ferguson",
            "avatar": "https://reqres.in/img/faces/8-image.jpg"
        },
        {
            "id": 9,
            "email": "tobias.funke@reqres.in",
            "first_name": "Tobias",
            "last_name": "Funke",
            "avatar": "https://reqres.in/img/faces/9-image.jpg"
        },
        {
            "id": 10,
            "email": "byron.fields@reqres.in",
            "first_name": "Byron",
            "last_name": "Fields",
            "avatar": "https://reqres.in/img/faces/10-image.jpg"
        },
        {
            "id": 11,
            "email": "george.edwards@reqres.in",
            "first_name": "George",
            "last_name": "Edwards",
            "avatar": "https://reqres.in/img/faces/11-image.jpg"
        },
        {
            "id": 12,
            "email": "rachel.howell@reqres.in",
            "first_name": "Rachel",
            "last_name": "Howell",
            "avatar": "https://reqres.in/img/faces/12-image.jpg"
        }
    ],
    "support": {
        "url": "https://reqres.in/#support-heading",
        "text": "To keep ReqRes free, contributions towards server costs are appreciated!"
    }
}

----------

----------
Test: tests/rest_api/test_example_rest.py::test_example_1[api/users?page=3] (call)
Time: 2022-09-03 16:13:31.582848
Request method: GET
Request URL: https://reqres.in/api/users?page=3
Request Headers: None
Request cookies: None
Request data: None
Request json: None

Response code: 200
Response headers:
 {
    "Date": "Sat, 03 Sep 2022 13:13:31 GMT",
    "Content-Type": "application/json; charset=utf-8",
    "Transfer-Encoding": "chunked",
    "Connection": "keep-alive",
    "X-Powered-By": "Express",
    "Access-Control-Allow-Origin": "*",
    "Etag": "W/\"c5-hJoimgtl6KhaZadfgKS3TQ7g00U\"",
    "Via": "1.1 vegur",
    "Cache-Control": "max-age=14400",
    "CF-Cache-Status": "HIT",
    "Age": "4140",
    "Report-To": "{\"endpoints\":[{\"url\":\"https:\\/\\/a.nel.cloudflare.com\\/report\\/v3?s=BOaTUk03%2BKKUkywdGafwB86vWKdNJYrMc0%2BizXFPg%2Bu1OkJdAoKhdCyB9x3oZw5i6MSXG9N6hFb4%2BI2TcHMmDIP7BsqS9PDGHzD2SHTq6QwRlNejsLIiGMMP0Q%3D%3D\"}],\"group\":\"cf-nel\",\"max_age\":604800}",
    "NEL": "{\"success_fraction\":0,\"report_to\":\"cf-nel\",\"max_age\":604800}",
    "Vary": "Accept-Encoding",
    "Server": "cloudflare",
    "CF-RAY": "744ebe459dcf0c48-DME",
    "Content-Encoding": "gzip"
}
Response cookies:
 {}
Response text:
 {
    "page": 3,
    "per_page": 6,
    "total": 12,
    "total_pages": 2,
    "data": [],
    "support": {
        "url": "https://reqres.in/#support-heading",
        "text": "To keep ReqRes free, contributions towards server costs are appreciated!"
    }
}

----------

----------
Test: tests/rest_api/test_example_rest.py::test_example_1[api/users?page=4] (call)
Time: 2022-09-03 16:13:31.830377
Request method: GET
Request URL: https://reqres.in/api/users?page=4
Request Headers: None
Request cookies: None
Request data: None
Request json: None

Response code: 200
Response headers:
 {
    "Date": "Sat, 03 Sep 2022 13:13:32 GMT",
    "Content-Type": "application/json; charset=utf-8",
    "Transfer-Encoding": "chunked",
    "Connection": "keep-alive",
    "X-Powered-By": "Express",
    "Access-Control-Allow-Origin": "*",
    "Etag": "W/\"c5-oXh5oNboR12MFdqhymJ/o+QadbA\"",
    "Via": "1.1 vegur",
    "Cache-Control": "max-age=14400",
    "CF-Cache-Status": "HIT",
    "Age": "4140",
    "Report-To": "{\"endpoints\":[{\"url\":\"https:\\/\\/a.nel.cloudflare.com\\/report\\/v3?s=U%2BRcykJ4EVXcZkVr37IHDlTNvGwrJbSCqP48jQ%2BqlbDegQKBJAnbciBD633IQ7jSsYXYPG52OVc6qWmxUnbK2lor1DlGDU1umciANT%2FJEmLtXlRMYRZFBaWdoA%3D%3D\"}],\"group\":\"cf-nel\",\"max_age\":604800}",
    "NEL": "{\"success_fraction\":0,\"report_to\":\"cf-nel\",\"max_age\":604800}",
    "Vary": "Accept-Encoding",
    "Server": "cloudflare",
    "CF-RAY": "744ebe47cf5c16c7-DME",
    "Content-Encoding": "gzip"
}
Response cookies:
 {}
Response text:
 {
    "page": 4,
    "per_page": 6,
    "total": 12,
    "total_pages": 2,
    "data": [],
    "support": {
        "url": "https://reqres.in/#support-heading",
        "text": "To keep ReqRes free, contributions towards server costs are appreciated!"
    }
}

----------
